<?xml version="1.0" encoding="UTF-8"?>
<!-- Generated by org.testng.reporters.JUnitReportReporter -->
<testsuite hostname="INBOOK_Y2_PLUS" failures="0" tests="10" name="SwagLabs.SauceDemo" time="23.880" errors="0" timestamp="2024-07-04T10:24:07 IST" skipped="0">
  <testcase classname="SwagLabs.SauceDemo" name="OpenApp" time="4.287"/>
  <system-out/>
  <testcase classname="SwagLabs.SauceDemo" name="Login" time="6.333"/>
  <system-out/>
  <testcase classname="SwagLabs.SauceDemo" name="AddToCart" time="3.084"/>
  <system-out/>
  <testcase classname="SwagLabs.SauceDemo" name="ViewCart" time="3.108"/>
  <system-out/>
  <testcase classname="SwagLabs.SauceDemo" name="CheckOut" time="3.103"/>
  <system-out/>
  <testcase classname="SwagLabs.SauceDemo" name="Adress" time="0.512"/>
  <system-out/>
  <testcase classname="SwagLabs.SauceDemo" name="Finish" time="0.082"/>
  <system-out/>
  <testcase classname="SwagLabs.SauceDemo" name="BackToHome" time="0.123"/>
  <system-out/>
  <testcase classname="SwagLabs.SauceDemo" name="Menu" time="3.105"/>
  <system-out/>
  <testcase classname="SwagLabs.SauceDemo" name="Logout" time="0.143"/>
  <system-out/>
</testsuite> <!-- SwagLabs.SauceDemo -->
